2022.05.14 19:43:47 INFO  tracing is disabled for protocol LSP, to enable tracing of incoming and outgoing JSON messages create an empty file at /home/alex/scala/.metals/lsp.trace.json or /home/alex/.cache/metals/lsp.trace.json[0m
2022.05.14 19:43:48 INFO  logging to file /home/alex/scala/.metals/metals.log[0m
2022.05.14 19:43:48 INFO  Started: Metals version 0.11.5 in workspace '/home/alex/scala' for client Visual Studio Code 1.66.2.[0m
2022.05.14 19:43:54 INFO  time: initialize in 5.76s[0m
2022.05.14 19:43:54 WARN  Flyway upgrade recommended: H2 2.1.212 is newer than this version of Flyway and support has not been tested. The latest supported version of H2 is 2.1.210.[0m
2022.05.14 19:43:55 WARN  Build server is not auto-connectable.[0m
2022.05.14 19:44:55 WARN  no build target for: /home/alex/scala/app/src/main/scala/hello/App.scala[0m
May 14, 2022 7:44:56 PM org.eclipse.lsp4j.jsonrpc.RemoteEndpoint handleCancellation
WARNING: Unmatched cancel notification for request id 1
2022.05.14 19:45:06 INFO  no build target found for /home/alex/scala/app/src/main/scala/hello/App.scala. Using presentation compiler with project's scala-library version: 3.1.2[0m
2022.05.14 19:45:11 INFO  time: code lens generation in 14s[0m
2022.05.14 19:45:11 INFO  time: code lens generation in 4.02s[0m
2022.05.14 19:45:11 WARN  no build target for: /home/alex/scala/app/src/main/scala/hello/App.scala[0m
2022.05.14 19:45:29 WARN  no build target for: /home/alex/scala/app/src/main/scala/hello/App.scala[0m
2022.05.14 19:45:30 WARN  no build target for: /home/alex/scala/app/src/main/scala/hello/App.scala[0m
May 14, 2022 7:45:37 PM org.eclipse.lsp4j.jsonrpc.RemoteEndpoint handleCancellation
WARNING: Unmatched cancel notification for request id 22
2022.05.14 19:46:31 INFO  shutting down Metals[0m
2022.05.14 19:46:31 ERROR Unexpected error initializing server
org.eclipse.lsp4j.jsonrpc.ResponseErrorException: Request window/showMessageRequest failed with message: Canceled
	at org.eclipse.lsp4j.jsonrpc.RemoteEndpoint.handleResponse(RemoteEndpoint.java:209)
	at org.eclipse.lsp4j.jsonrpc.RemoteEndpoint.consume(RemoteEndpoint.java:193)
	at org.eclipse.lsp4j.jsonrpc.json.StreamMessageProducer.handleMessage(StreamMessageProducer.java:194)
	at org.eclipse.lsp4j.jsonrpc.json.StreamMessageProducer.listen(StreamMessageProducer.java:94)
	at org.eclipse.lsp4j.jsonrpc.json.ConcurrentMessageProcessor.run(ConcurrentMessageProcessor.java:113)
	at java.util.concurrent.Executors$RunnableAdapter.call(Executors.java:515)
	at java.util.concurrent.FutureTask.run(FutureTask.java:264)
	at java.util.concurrent.ThreadPoolExecutor.runWorker(ThreadPoolExecutor.java:1128)
	at java.util.concurrent.ThreadPoolExecutor$Worker.run(ThreadPoolExecutor.java:628)
	at java.lang.Thread.run(Thread.java:829)
[0m
2022.05.14 19:51:11 INFO  tracing is disabled for protocol LSP, to enable tracing of incoming and outgoing JSON messages create an empty file at /home/alex/scala3/scala-gradle/.metals/lsp.trace.json or /home/alex/.cache/metals/lsp.trace.json[0m
2022.05.14 19:51:12 INFO  logging to file /home/alex/scala3/scala-gradle/.metals/metals.log[0m
2022.05.14 19:51:12 INFO  Started: Metals version 0.11.5 in workspace '/home/alex/scala3/scala-gradle' for client Visual Studio Code 1.66.2.[0m
2022.05.14 19:51:18 INFO  time: initialize in 5.87s[0m
2022.05.14 19:51:18 WARN  Flyway upgrade recommended: H2 2.1.212 is newer than this version of Flyway and support has not been tested. The latest supported version of H2 is 2.1.210.[0m
2022.05.14 19:51:19 WARN  Build server is not auto-connectable.[0m
2022.05.14 19:51:23 INFO  running '/home/alex/scala3/scala-gradle/gradlew --console=plain --init-script /tmp/metals16370825893447457542/init-script.gradle bloopInstall'[0m
2022.05.14 19:51:31 INFO  > Task :configureBloopInstall[0m
2022.05.14 19:51:31 INFO  > Task :bloopInstall[0m
2022.05.14 19:51:37 INFO  > Task :app:configureBloopInstall[0m
2022.05.14 19:51:43 INFO  > Task :app:bloopInstall[0m
2022.05.14 19:51:43 INFO  [0m
2022.05.14 19:51:43 INFO  Deprecated Gradle features were used in this build, making it incompatible with Gradle 8.0.[0m
2022.05.14 19:51:43 INFO  [0m
2022.05.14 19:51:43 INFO  You can use '--warning-mode all' to show the individual deprecation warnings and determine if they come from your own scripts or plugins.[0m
2022.05.14 19:51:43 INFO  [0m
2022.05.14 19:51:43 INFO  See https://docs.gradle.org/7.4.2/userguide/command_line_interface.html#sec:command_line_warnings[0m
2022.05.14 19:51:43 INFO  [0m
2022.05.14 19:51:43 INFO  BUILD SUCCESSFUL in 19s[0m
2022.05.14 19:51:43 INFO  4 actionable tasks: 4 executed[0m
2022.05.14 19:51:43 INFO  time: ran 'gradle bloopInstall' in 19s[0m
2022.05.14 19:51:43 INFO  Attempting to connect to the build server...[0m
2022.05.14 19:52:11 INFO  tracing is disabled for protocol BSP, to enable tracing of incoming and outgoing JSON messages create an empty file at /home/alex/scala3/scala-gradle/.metals/bsp.trace.json or /home/alex/.cache/metals/bsp.trace.json[0m
2022.05.14 19:52:18 INFO  time: Connected to build server in 34s[0m
2022.05.14 19:52:18 INFO  Connected to Build server: Bloop v1.5.0[0m
2022.05.14 19:52:18 INFO  time: Imported build in 0.62s[0m
2022.05.14 19:52:49 INFO  time: indexed workspace in 30s[0m
2022.05.14 19:54:06 INFO  compiling app (1 scala source)[0m
2022.05.14 19:54:14 INFO  compiling app-test (1 scala source)[0m
2022.05.14 19:54:15 INFO  time: compiled app in 9.8s[0m
2022.05.14 19:54:20 INFO  time: compiled app-test in 5.73s[0m
2022.05.14 20:45:40 INFO  compiling app-test (1 scala source)[0m
2022.05.14 20:45:44 INFO  time: compiled app-test in 4.06s[0m
2022.05.14 20:47:19 ERROR code navigation does not work for the file '/home/alex/scala3/scala-gradle/app/src/test/scala/hello/AppSuite.scala' because the SemanticDB file '/home/alex/scala3/scala-gradle/.bloop/app-test/build/bloop-bsp-clients-classes/classes-Metals-X6MzyJPKQFKFYJfh_he5Hw==/META-INF/semanticdb/app/src/test/scala/hello/AppSuite.scala.semanticdb' doesn't exist. There can be many reasons for this error. [0m
2022.05.14 20:47:19 ERROR code navigation does not work for the file '/home/alex/scala3/scala-gradle/app/src/test/scala/hello/AppSuite.scala' because the SemanticDB file '/home/alex/scala3/scala-gradle/.bloop/app-test/build/bloop-bsp-clients-classes/classes-Metals-X6MzyJPKQFKFYJfh_he5Hw==/META-INF/semanticdb/app/src/test/scala/hello/AppSuite.scala.semanticdb' doesn't exist. There can be many reasons for this error. [0m
May 14, 2022 8:47:27 PM org.eclipse.lsp4j.jsonrpc.RemoteEndpoint handleCancellation
WARNING: Unmatched cancel notification for request id 77
2022.05.14 20:47:28 ERROR code navigation does not work for the file '/home/alex/scala3/scala-gradle/app/src/test/scala/hello/AppSuite.scala' because the SemanticDB file '/home/alex/scala3/scala-gradle/.bloop/app-test/build/bloop-bsp-clients-classes/classes-Metals-X6MzyJPKQFKFYJfh_he5Hw==/META-INF/semanticdb/app/src/test/scala/hello/AppSuite.scala.semanticdb' doesn't exist. There can be many reasons for this error. [0m
2022.05.14 20:47:36 ERROR code navigation does not work for the file '/home/alex/scala3/scala-gradle/app/src/test/scala/hello/AppSuite.scala' because the SemanticDB file '/home/alex/scala3/scala-gradle/.bloop/app-test/build/bloop-bsp-clients-classes/classes-Metals-X6MzyJPKQFKFYJfh_he5Hw==/META-INF/semanticdb/app/src/test/scala/hello/AppSuite.scala.semanticdb' doesn't exist. There can be many reasons for this error. [0m
2022.05.14 20:47:53 ERROR code navigation does not work for the file '/home/alex/scala3/scala-gradle/app/src/test/scala/hello/AppSuite.scala' because the SemanticDB file '/home/alex/scala3/scala-gradle/.bloop/app-test/build/bloop-bsp-clients-classes/classes-Metals-X6MzyJPKQFKFYJfh_he5Hw==/META-INF/semanticdb/app/src/test/scala/hello/AppSuite.scala.semanticdb' doesn't exist. There can be many reasons for this error. [0m
Exception in thread "pool-4-thread-1" java.lang.AssertionError: NoDenotation.owner
	at dotty.tools.dotc.core.SymDenotations$NoDenotation$.owner(SymDenotations.scala:2491)
	at scala.meta.internal.pc.SemanticdbSymbols$.addSymName(SemanticdbSymbols.scala:136)
	at scala.meta.internal.pc.SemanticdbSymbols$.symbolName(SemanticdbSymbols.scala:79)
	at scala.meta.internal.pc.PcDefinitionProvider.semanticSymbolsSorted$$anonfun$1(PcDefinitionProvider.scala:106)
	at scala.collection.immutable.List.map(List.scala:246)
	at scala.meta.internal.pc.PcDefinitionProvider.semanticSymbolsSorted(PcDefinitionProvider.scala:106)
	at scala.meta.internal.pc.PcDefinitionProvider.findDefinitions(PcDefinitionProvider.scala:82)
	at scala.meta.internal.pc.PcDefinitionProvider.definitions(PcDefinitionProvider.scala:51)
	at scala.meta.internal.pc.ScalaPresentationCompiler.definition$$anonfun$1(ScalaPresentationCompiler.scala:113)
	at scala.meta.internal.pc.CompilerAccess.withSharedCompiler(CompilerAccess.scala:137)
	at scala.meta.internal.pc.CompilerAccess.withNonInterruptableCompiler$$anonfun$1(CompilerAccess.scala:125)
	at scala.meta.internal.pc.CompilerAccess.onCompilerJobQueue$$anonfun$1(CompilerAccess.scala:197)
	at scala.meta.internal.pc.CompilerJobQueue$Job.run(CompilerJobQueue.scala:139)
	at java.base/java.util.concurrent.ThreadPoolExecutor.runWorker(ThreadPoolExecutor.java:1128)
	at java.base/java.util.concurrent.ThreadPoolExecutor$Worker.run(ThreadPoolExecutor.java:628)
	at java.base/java.lang.Thread.run(Thread.java:829)
2022.05.14 20:48:09 ERROR code navigation does not work for the file '/home/alex/scala3/scala-gradle/app/src/test/scala/hello/AppSuite.scala' because the SemanticDB file '/home/alex/scala3/scala-gradle/.bloop/app-test/build/bloop-bsp-clients-classes/classes-Metals-X6MzyJPKQFKFYJfh_he5Hw==/META-INF/semanticdb/app/src/test/scala/hello/AppSuite.scala.semanticdb' doesn't exist. There can be many reasons for this error. [0m
2022.05.14 20:49:29 INFO  [0m
2022.05.14 20:49:29 INFO  Template applied in /home/alex/scala3/scala3-metals/./scala3[0m
2022.05.14 20:49:29 INFO  [0m
2022.05.14 20:49:30 INFO  time: ran 'giter8.Giter8' in 7.53s[0m
Downloading https://repo1.maven.org/maven2/org/scalameta/scalafmt-core_2.13/3.4.3/scalafmt-core_2.13-3.4.3.pom
Downloaded https://repo1.maven.org/maven2/org/scalameta/scalafmt-core_2.13/3.4.3/scalafmt-core_2.13-3.4.3.pom
Downloading https://repo1.maven.org/maven2/org/scalameta/scalameta_2.13/4.4.35/scalameta_2.13-4.4.35.pom
Downloading https://repo1.maven.org/maven2/org/scalameta/scalafmt-config_2.13/3.4.3/scalafmt-config_2.13-3.4.3.pom
Downloading https://repo1.maven.org/maven2/org/scalameta/scalafmt-sysops_2.13/3.4.3/scalafmt-sysops_2.13-3.4.3.pom
Downloaded https://repo1.maven.org/maven2/org/scalameta/scalameta_2.13/4.4.35/scalameta_2.13-4.4.35.pom
Downloaded https://repo1.maven.org/maven2/org/scalameta/scalafmt-sysops_2.13/3.4.3/scalafmt-sysops_2.13-3.4.3.pom
Downloaded https://repo1.maven.org/maven2/org/scalameta/scalafmt-config_2.13/3.4.3/scalafmt-config_2.13-3.4.3.pom
Downloading https://repo1.maven.org/maven2/org/scalameta/parsers_2.13/4.4.35/parsers_2.13-4.4.35.pom
Downloaded https://repo1.maven.org/maven2/org/scalameta/parsers_2.13/4.4.35/parsers_2.13-4.4.35.pom
Downloading https://repo1.maven.org/maven2/org/scalameta/trees_2.13/4.4.35/trees_2.13-4.4.35.pom
Downloaded https://repo1.maven.org/maven2/org/scalameta/trees_2.13/4.4.35/trees_2.13-4.4.35.pom
Downloading https://repo1.maven.org/maven2/org/scalameta/common_2.13/4.4.35/common_2.13-4.4.35.pom
Downloaded https://repo1.maven.org/maven2/org/scalameta/common_2.13/4.4.35/common_2.13-4.4.35.pom
Downloading https://repo1.maven.org/maven2/org/scalameta/scalameta_2.13/4.4.35/scalameta_2.13-4.4.35.jar
Downloading https://repo1.maven.org/maven2/org/scalameta/trees_2.13/4.4.35/trees_2.13-4.4.35.jar
Downloading https://repo1.maven.org/maven2/org/scalameta/parsers_2.13/4.4.35/parsers_2.13-4.4.35.jar
Downloading https://repo1.maven.org/maven2/org/scalameta/scalafmt-config_2.13/3.4.3/scalafmt-config_2.13-3.4.3.jar
Downloading https://repo1.maven.org/maven2/org/scalameta/common_2.13/4.4.35/common_2.13-4.4.35.jar
Downloading https://repo1.maven.org/maven2/org/scalameta/scalafmt-core_2.13/3.4.3/scalafmt-core_2.13-3.4.3.jar
Downloaded https://repo1.maven.org/maven2/org/scalameta/scalameta_2.13/4.4.35/scalameta_2.13-4.4.35.jar
Downloading https://repo1.maven.org/maven2/org/scalameta/scalafmt-sysops_2.13/3.4.3/scalafmt-sysops_2.13-3.4.3.jar
Downloaded https://repo1.maven.org/maven2/org/scalameta/scalafmt-config_2.13/3.4.3/scalafmt-config_2.13-3.4.3.jar
Downloaded https://repo1.maven.org/maven2/org/scalameta/scalafmt-sysops_2.13/3.4.3/scalafmt-sysops_2.13-3.4.3.jar
Downloaded https://repo1.maven.org/maven2/org/scalameta/parsers_2.13/4.4.35/parsers_2.13-4.4.35.jar
Downloaded https://repo1.maven.org/maven2/org/scalameta/common_2.13/4.4.35/common_2.13-4.4.35.jar
Downloaded https://repo1.maven.org/maven2/org/scalameta/trees_2.13/4.4.35/trees_2.13-4.4.35.jar
Downloaded https://repo1.maven.org/maven2/org/scalameta/scalafmt-core_2.13/3.4.3/scalafmt-core_2.13-3.4.3.jar
May 14, 2022 8:51:38 PM org.eclipse.lsp4j.jsonrpc.RemoteEndpoint handleCancellation
WARNING: Unmatched cancel notification for request id 187
2022.05.14 20:51:55 ERROR code navigation does not work for the file '/home/alex/scala3/scala-gradle/app/src/test/scala/hello/AppSuite.scala' because the build target app-test is being compiled. Wait until compilation is finished and try again.[0m
2022.05.14 20:54:46 INFO  Disconnecting from Bloop session...[0m
2022.05.14 20:54:46 INFO  Attempting to connect to the build server...[0m
2022.05.14 20:54:48 ERROR timeout: build server 'bloop' during shutdown[0m
2022.05.14 20:54:48 INFO  Attempting to connect to the build server...[0m
2022.05.14 20:54:51 INFO  tracing is disabled for protocol BSP, to enable tracing of incoming and outgoing JSON messages create an empty file at /home/alex/scala3/scala-gradle/.metals/bsp.trace.json or /home/alex/.cache/metals/bsp.trace.json[0m
2022.05.14 20:54:51 INFO  tracing is disabled for protocol BSP, to enable tracing of incoming and outgoing JSON messages create an empty file at /home/alex/scala3/scala-gradle/.metals/bsp.trace.json or /home/alex/.cache/metals/bsp.trace.json[0m
2022.05.14 20:54:51 INFO  time: Connected to build server in 3.75s[0m
2022.05.14 20:54:51 INFO  time: Connected to build server in 5.66s[0m
2022.05.14 20:54:51 INFO  Connected to Build server: Bloop v1.5.0[0m
2022.05.14 20:54:51 INFO  Connected to Build server: Bloop v1.5.0[0m
2022.05.14 20:54:52 INFO  time: Imported build in 0.37s[0m
2022.05.14 20:54:52 INFO  time: Imported build in 0.38s[0m
2022.05.14 20:54:55 INFO  time: indexed workspace in 3.18s[0m
2022.05.14 20:54:55 INFO  time: indexed workspace in 3.4s[0m
error: /home/alex/scala3/scala-gradle/.metals/.tmp/.metals/.tmp/Main-7271423210542162098.scala is not a file
May 14, 2022 8:57:12 PM org.eclipse.lsp4j.jsonrpc.services.GenericEndpoint notify
INFO: Unsupported notification method: $/setTrace
May 14, 2022 8:57:12 PM org.eclipse.lsp4j.jsonrpc.services.GenericEndpoint notify
INFO: Unsupported notification method: $/setTrace
May 14, 2022 8:57:12 PM org.eclipse.lsp4j.jsonrpc.services.GenericEndpoint notify
INFO: Unsupported notification method: $/setTrace
May 14, 2022 8:57:12 PM org.eclipse.lsp4j.jsonrpc.services.GenericEndpoint notify
INFO: Unsupported notification method: $/setTrace
May 14, 2022 8:57:12 PM org.eclipse.lsp4j.jsonrpc.services.GenericEndpoint notify
INFO: Unsupported notification method: $/setTrace
May 14, 2022 8:57:13 PM org.eclipse.lsp4j.jsonrpc.services.GenericEndpoint notify
INFO: Unsupported notification method: $/setTrace
May 14, 2022 8:57:13 PM org.eclipse.lsp4j.jsonrpc.services.GenericEndpoint notify
INFO: Unsupported notification method: $/setTrace
May 14, 2022 8:57:13 PM org.eclipse.lsp4j.jsonrpc.services.GenericEndpoint notify
INFO: Unsupported notification method: $/setTrace
May 14, 2022 8:57:13 PM org.eclipse.lsp4j.jsonrpc.services.GenericEndpoint notify
INFO: Unsupported notification method: $/setTrace
May 14, 2022 8:57:13 PM org.eclipse.lsp4j.jsonrpc.services.GenericEndpoint notify
INFO: Unsupported notification method: $/setTrace
May 14, 2022 8:57:13 PM org.eclipse.lsp4j.jsonrpc.services.GenericEndpoint notify
INFO: Unsupported notification method: $/setTrace
May 14, 2022 8:57:13 PM org.eclipse.lsp4j.jsonrpc.services.GenericEndpoint notify
INFO: Unsupported notification method: $/setTrace
May 14, 2022 8:57:13 PM org.eclipse.lsp4j.jsonrpc.services.GenericEndpoint notify
INFO: Unsupported notification method: $/setTrace
May 14, 2022 8:57:13 PM org.eclipse.lsp4j.jsonrpc.services.GenericEndpoint notify
INFO: Unsupported notification method: $/setTrace
May 14, 2022 8:57:15 PM org.eclipse.lsp4j.jsonrpc.services.GenericEndpoint notify
INFO: Unsupported notification method: $/setTrace
May 14, 2022 8:57:15 PM org.eclipse.lsp4j.jsonrpc.services.GenericEndpoint notify
INFO: Unsupported notification method: $/setTrace
May 14, 2022 8:57:15 PM org.eclipse.lsp4j.jsonrpc.services.GenericEndpoint notify
INFO: Unsupported notification method: $/setTrace
May 14, 2022 8:57:15 PM org.eclipse.lsp4j.jsonrpc.services.GenericEndpoint notify
INFO: Unsupported notification method: $/setTrace
May 14, 2022 8:57:15 PM org.eclipse.lsp4j.jsonrpc.services.GenericEndpoint notify
INFO: Unsupported notification method: $/setTrace
May 14, 2022 8:57:15 PM org.eclipse.lsp4j.jsonrpc.services.GenericEndpoint notify
INFO: Unsupported notification method: $/setTrace
May 14, 2022 8:57:15 PM org.eclipse.lsp4j.jsonrpc.services.GenericEndpoint notify
INFO: Unsupported notification method: $/setTrace
May 14, 2022 8:57:15 PM org.eclipse.lsp4j.jsonrpc.services.GenericEndpoint notify
INFO: Unsupported notification method: $/setTrace
May 14, 2022 8:57:15 PM org.eclipse.lsp4j.jsonrpc.services.GenericEndpoint notify
INFO: Unsupported notification method: $/setTrace
May 14, 2022 8:57:15 PM org.eclipse.lsp4j.jsonrpc.services.GenericEndpoint notify
INFO: Unsupported notification method: $/setTrace
May 14, 2022 8:57:15 PM org.eclipse.lsp4j.jsonrpc.services.GenericEndpoint notify
INFO: Unsupported notification method: $/setTrace
May 14, 2022 8:57:15 PM org.eclipse.lsp4j.jsonrpc.services.GenericEndpoint notify
INFO: Unsupported notification method: $/setTrace
May 14, 2022 8:57:15 PM org.eclipse.lsp4j.jsonrpc.services.GenericEndpoint notify
INFO: Unsupported notification method: $/setTrace
May 14, 2022 8:57:15 PM org.eclipse.lsp4j.jsonrpc.services.GenericEndpoint notify
INFO: Unsupported notification method: $/setTrace
May 14, 2022 8:57:15 PM org.eclipse.lsp4j.jsonrpc.services.GenericEndpoint notify
INFO: Unsupported notification method: $/setTrace
May 14, 2022 8:57:17 PM org.eclipse.lsp4j.jsonrpc.services.GenericEndpoint notify
INFO: Unsupported notification method: $/setTrace
May 14, 2022 8:57:17 PM org.eclipse.lsp4j.jsonrpc.services.GenericEndpoint notify
INFO: Unsupported notification method: $/setTrace
May 14, 2022 8:57:17 PM org.eclipse.lsp4j.jsonrpc.services.GenericEndpoint notify
INFO: Unsupported notification method: $/setTrace
May 14, 2022 8:57:17 PM org.eclipse.lsp4j.jsonrpc.services.GenericEndpoint notify
INFO: Unsupported notification method: $/setTrace
May 14, 2022 8:57:17 PM org.eclipse.lsp4j.jsonrpc.services.GenericEndpoint notify
INFO: Unsupported notification method: $/setTrace
May 14, 2022 8:57:17 PM org.eclipse.lsp4j.jsonrpc.services.GenericEndpoint notify
INFO: Unsupported notification method: $/setTrace
May 14, 2022 8:57:17 PM org.eclipse.lsp4j.jsonrpc.services.GenericEndpoint notify
INFO: Unsupported notification method: $/setTrace
May 14, 2022 8:57:17 PM org.eclipse.lsp4j.jsonrpc.services.GenericEndpoint notify
INFO: Unsupported notification method: $/setTrace
May 14, 2022 8:57:17 PM org.eclipse.lsp4j.jsonrpc.services.GenericEndpoint notify
INFO: Unsupported notification method: $/setTrace
May 14, 2022 8:57:17 PM org.eclipse.lsp4j.jsonrpc.services.GenericEndpoint notify
INFO: Unsupported notification method: $/setTrace
May 14, 2022 8:57:17 PM org.eclipse.lsp4j.jsonrpc.services.GenericEndpoint notify
INFO: Unsupported notification method: $/setTrace
May 14, 2022 8:57:17 PM org.eclipse.lsp4j.jsonrpc.services.GenericEndpoint notify
INFO: Unsupported notification method: $/setTrace
May 14, 2022 8:57:17 PM org.eclipse.lsp4j.jsonrpc.services.GenericEndpoint notify
INFO: Unsupported notification method: $/setTrace
May 14, 2022 8:57:17 PM org.eclipse.lsp4j.jsonrpc.services.GenericEndpoint notify
INFO: Unsupported notification method: $/setTrace
May 14, 2022 8:57:17 PM org.eclipse.lsp4j.jsonrpc.services.GenericEndpoint notify
INFO: Unsupported notification method: $/setTrace
May 14, 2022 8:57:20 PM org.eclipse.lsp4j.jsonrpc.services.GenericEndpoint notify
INFO: Unsupported notification method: $/setTrace
May 14, 2022 8:57:20 PM org.eclipse.lsp4j.jsonrpc.services.GenericEndpoint notify
INFO: Unsupported notification method: $/setTrace
May 14, 2022 8:57:20 PM org.eclipse.lsp4j.jsonrpc.services.GenericEndpoint notify
INFO: Unsupported notification method: $/setTrace
May 14, 2022 8:57:20 PM org.eclipse.lsp4j.jsonrpc.services.GenericEndpoint notify
INFO: Unsupported notification method: $/setTrace
May 14, 2022 8:57:20 PM org.eclipse.lsp4j.jsonrpc.services.GenericEndpoint notify
INFO: Unsupported notification method: $/setTrace
May 14, 2022 8:57:20 PM org.eclipse.lsp4j.jsonrpc.services.GenericEndpoint notify
INFO: Unsupported notification method: $/setTrace
May 14, 2022 8:57:20 PM org.eclipse.lsp4j.jsonrpc.services.GenericEndpoint notify
INFO: Unsupported notification method: $/setTrace
May 14, 2022 8:57:20 PM org.eclipse.lsp4j.jsonrpc.services.GenericEndpoint notify
INFO: Unsupported notification method: $/setTrace
May 14, 2022 8:57:20 PM org.eclipse.lsp4j.jsonrpc.services.GenericEndpoint notify
INFO: Unsupported notification method: $/setTrace
May 14, 2022 8:57:20 PM org.eclipse.lsp4j.jsonrpc.services.GenericEndpoint notify
INFO: Unsupported notification method: $/setTrace
May 14, 2022 8:57:20 PM org.eclipse.lsp4j.jsonrpc.services.GenericEndpoint notify
INFO: Unsupported notification method: $/setTrace
May 14, 2022 8:57:20 PM org.eclipse.lsp4j.jsonrpc.services.GenericEndpoint notify
INFO: Unsupported notification method: $/setTrace
May 14, 2022 8:57:20 PM org.eclipse.lsp4j.jsonrpc.services.GenericEndpoint notify
INFO: Unsupported notification method: $/setTrace
May 14, 2022 8:57:20 PM org.eclipse.lsp4j.jsonrpc.services.GenericEndpoint notify
INFO: Unsupported notification method: $/setTrace
May 14, 2022 8:57:20 PM org.eclipse.lsp4j.jsonrpc.services.GenericEndpoint notify
INFO: Unsupported notification method: $/setTrace
May 14, 2022 8:57:21 PM org.eclipse.lsp4j.jsonrpc.services.GenericEndpoint notify
INFO: Unsupported notification method: $/setTrace
May 14, 2022 8:57:21 PM org.eclipse.lsp4j.jsonrpc.services.GenericEndpoint notify
INFO: Unsupported notification method: $/setTrace
May 14, 2022 8:57:21 PM org.eclipse.lsp4j.jsonrpc.services.GenericEndpoint notify
INFO: Unsupported notification method: $/setTrace
May 14, 2022 8:57:21 PM org.eclipse.lsp4j.jsonrpc.services.GenericEndpoint notify
INFO: Unsupported notification method: $/setTrace
May 14, 2022 8:57:21 PM org.eclipse.lsp4j.jsonrpc.services.GenericEndpoint notify
INFO: Unsupported notification method: $/setTrace
May 14, 2022 8:57:21 PM org.eclipse.lsp4j.jsonrpc.services.GenericEndpoint notify
INFO: Unsupported notification method: $/setTrace
May 14, 2022 8:57:21 PM org.eclipse.lsp4j.jsonrpc.services.GenericEndpoint notify
INFO: Unsupported notification method: $/setTrace
May 14, 2022 8:57:21 PM org.eclipse.lsp4j.jsonrpc.services.GenericEndpoint notify
INFO: Unsupported notification method: $/setTrace
May 14, 2022 8:57:21 PM org.eclipse.lsp4j.jsonrpc.services.GenericEndpoint notify
INFO: Unsupported notification method: $/setTrace
May 14, 2022 8:57:21 PM org.eclipse.lsp4j.jsonrpc.services.GenericEndpoint notify
INFO: Unsupported notification method: $/setTrace
May 14, 2022 8:57:21 PM org.eclipse.lsp4j.jsonrpc.services.GenericEndpoint notify
INFO: Unsupported notification method: $/setTrace
May 14, 2022 8:57:21 PM org.eclipse.lsp4j.jsonrpc.services.GenericEndpoint notify
INFO: Unsupported notification method: $/setTrace
May 14, 2022 8:57:21 PM org.eclipse.lsp4j.jsonrpc.services.GenericEndpoint notify
INFO: Unsupported notification method: $/setTrace
May 14, 2022 8:57:21 PM org.eclipse.lsp4j.jsonrpc.services.GenericEndpoint notify
INFO: Unsupported notification method: $/setTrace
May 14, 2022 8:57:21 PM org.eclipse.lsp4j.jsonrpc.services.GenericEndpoint notify
INFO: Unsupported notification method: $/setTrace
May 14, 2022 8:57:23 PM org.eclipse.lsp4j.jsonrpc.services.GenericEndpoint notify
INFO: Unsupported notification method: $/setTrace
May 14, 2022 8:57:23 PM org.eclipse.lsp4j.jsonrpc.services.GenericEndpoint notify
INFO: Unsupported notification method: $/setTrace
May 14, 2022 8:57:23 PM org.eclipse.lsp4j.jsonrpc.services.GenericEndpoint notify
INFO: Unsupported notification method: $/setTrace
May 14, 2022 8:57:23 PM org.eclipse.lsp4j.jsonrpc.services.GenericEndpoint notify
INFO: Unsupported notification method: $/setTrace
May 14, 2022 8:57:23 PM org.eclipse.lsp4j.jsonrpc.services.GenericEndpoint notify
INFO: Unsupported notification method: $/setTrace
May 14, 2022 8:57:23 PM org.eclipse.lsp4j.jsonrpc.services.GenericEndpoint notify
INFO: Unsupported notification method: $/setTrace
May 14, 2022 8:57:23 PM org.eclipse.lsp4j.jsonrpc.services.GenericEndpoint notify
INFO: Unsupported notification method: $/setTrace
May 14, 2022 8:57:23 PM org.eclipse.lsp4j.jsonrpc.services.GenericEndpoint notify
INFO: Unsupported notification method: $/setTrace
May 14, 2022 8:57:23 PM org.eclipse.lsp4j.jsonrpc.services.GenericEndpoint notify
INFO: Unsupported notification method: $/setTrace
May 14, 2022 8:57:23 PM org.eclipse.lsp4j.jsonrpc.services.GenericEndpoint notify
INFO: Unsupported notification method: $/setTrace
May 14, 2022 8:57:23 PM org.eclipse.lsp4j.jsonrpc.services.GenericEndpoint notify
INFO: Unsupported notification method: $/setTrace
May 14, 2022 8:57:23 PM org.eclipse.lsp4j.jsonrpc.services.GenericEndpoint notify
INFO: Unsupported notification method: $/setTrace
May 14, 2022 8:57:23 PM org.eclipse.lsp4j.jsonrpc.services.GenericEndpoint notify
INFO: Unsupported notification method: $/setTrace
May 14, 2022 8:57:23 PM org.eclipse.lsp4j.jsonrpc.services.GenericEndpoint notify
INFO: Unsupported notification method: $/setTrace
May 14, 2022 8:57:23 PM org.eclipse.lsp4j.jsonrpc.services.GenericEndpoint notify
INFO: Unsupported notification method: $/setTrace
May 14, 2022 8:57:25 PM org.eclipse.lsp4j.jsonrpc.services.GenericEndpoint notify
INFO: Unsupported notification method: $/setTrace
May 14, 2022 8:57:25 PM org.eclipse.lsp4j.jsonrpc.services.GenericEndpoint notify
INFO: Unsupported notification method: $/setTrace
May 14, 2022 8:57:25 PM org.eclipse.lsp4j.jsonrpc.services.GenericEndpoint notify
INFO: Unsupported notification method: $/setTrace
May 14, 2022 8:57:25 PM org.eclipse.lsp4j.jsonrpc.services.GenericEndpoint notify
INFO: Unsupported notification method: $/setTrace
May 14, 2022 8:57:25 PM org.eclipse.lsp4j.jsonrpc.services.GenericEndpoint notify
INFO: Unsupported notification method: $/setTrace
May 14, 2022 8:57:25 PM org.eclipse.lsp4j.jsonrpc.services.GenericEndpoint notify
INFO: Unsupported notification method: $/setTrace
May 14, 2022 9:27:30 PM org.eclipse.lsp4j.jsonrpc.services.GenericEndpoint notify
INFO: Unsupported notification method: $/setTrace
May 14, 2022 9:28:08 PM org.eclipse.lsp4j.jsonrpc.services.GenericEndpoint notify
INFO: Unsupported notification method: $/setTrace
May 14, 2022 9:29:37 PM org.eclipse.lsp4j.jsonrpc.services.GenericEndpoint notify
INFO: Unsupported notification method: $/setTrace
May 14, 2022 9:41:16 PM org.eclipse.lsp4j.jsonrpc.RemoteEndpoint handleCancellation
WARNING: Unmatched cancel notification for request id 369
2022.05.14 21:41:16 INFO  compiling app (1 scala source)May 14, 2022 9:41:16 PM org.eclipse.lsp4j.jsonrpc.RemoteEndpoint handleCancellation
WARNING: Unmatched cancel notification for request id 372
May 14, 2022 9:41:16 PM org.eclipse.lsp4j.jsonrpc.RemoteEndpoint handleCancellation
WARNING: Unmatched cancel notification for request id 371
[0m
May 14, 2022 9:41:16 PM org.eclipse.lsp4j.jsonrpc.RemoteEndpoint handleCancellation
WARNING: Unmatched cancel notification for request id 370
May 14, 2022 9:41:16 PM org.eclipse.lsp4j.jsonrpc.RemoteEndpoint handleCancellation
WARNING: Unmatched cancel notification for request id 373
2022.05.14 21:41:23 INFO  shutting down Metals[0m
May 14, 2022 9:41:24 PM org.eclipse.lsp4j.jsonrpc.RemoteEndpoint fallbackResponseError
SEVERE: Internal error: scala.meta.internal.metals.MetalsBspException: BSP connection failed in the attempt to get: CleanCacheResult.  Boxed Exception
java.util.concurrent.CompletionException: scala.meta.internal.metals.MetalsBspException: BSP connection failed in the attempt to get: CleanCacheResult.  Boxed Exception
	at java.base/java.util.concurrent.CompletableFuture.encodeThrowable(CompletableFuture.java:331)
	at java.base/java.util.concurrent.CompletableFuture.completeThrowable(CompletableFuture.java:346)
	at java.base/java.util.concurrent.CompletableFuture$UniAccept.tryFire(CompletableFuture.java:704)
	at java.base/java.util.concurrent.CompletableFuture.postComplete(CompletableFuture.java:506)
	at java.base/java.util.concurrent.CompletableFuture.completeExceptionally(CompletableFuture.java:2088)
	at scala.concurrent.java8.FuturesConvertersImpl$CF.apply(FutureConvertersImpl.scala:29)
	at scala.concurrent.java8.FuturesConvertersImpl$CF.apply(FutureConvertersImpl.scala:26)
	at scala.concurrent.impl.Promise$Transformation.run(Promise.scala:484)
	at scala.concurrent.ExecutionContext$parasitic$.execute(ExecutionContext.scala:222)
	at scala.concurrent.impl.Promise$Transformation.submitWithValue(Promise.scala:429)
	at scala.concurrent.impl.Promise$DefaultPromise.submitWithValue(Promise.scala:338)
	at scala.concurrent.impl.Promise$DefaultPromise.tryComplete0(Promise.scala:285)
	at scala.concurrent.impl.Promise$Transformation.run(Promise.scala:504)
	at java.base/java.util.concurrent.ThreadPoolExecutor.runWorker(ThreadPoolExecutor.java:1128)
	at java.base/java.util.concurrent.ThreadPoolExecutor$Worker.run(ThreadPoolExecutor.java:628)
	at java.base/java.lang.Thread.run(Thread.java:829)
Caused by: scala.meta.internal.metals.MetalsBspException: BSP connection failed in the attempt to get: CleanCacheResult.  Boxed Exception
	at scala.meta.internal.metals.BuildServerConnection$$anonfun$1.$anonfun$applyOrElse$4(BuildServerConnection.scala:300)
	at scala.Option.getOrElse(Option.scala:201)
	at scala.meta.internal.metals.BuildServerConnection$$anonfun$1.applyOrElse(BuildServerConnection.scala:298)
	at scala.meta.internal.metals.BuildServerConnection$$anonfun$1.applyOrElse(BuildServerConnection.scala:286)
	at scala.concurrent.impl.Promise$Transformation.run(Promise.scala:490)
	... 3 more

May 14, 2022 9:41:24 PM org.eclipse.lsp4j.jsonrpc.RemoteEndpoint fallbackResponseError
SEVERE: Internal error: scala.meta.internal.metals.MetalsBspException: BSP connection failed in the attempt to get: CleanCacheResult.  Boxed Exception
java.util.concurrent.CompletionException: scala.meta.internal.metals.MetalsBspException: BSP connection failed in the attempt to get: CleanCacheResult.  Boxed Exception
	at java.base/java.util.concurrent.CompletableFuture.encodeThrowable(CompletableFuture.java:331)
	at java.base/java.util.concurrent.CompletableFuture.completeThrowable(CompletableFuture.java:346)
	at java.base/java.util.concurrent.CompletableFuture$UniAccept.tryFire(CompletableFuture.java:704)
	at java.base/java.util.concurrent.CompletableFuture.postComplete(CompletableFuture.java:506)
	at java.base/java.util.concurrent.CompletableFuture.completeExceptionally(CompletableFuture.java:2088)
	at scala.concurrent.java8.FuturesConvertersImpl$CF.apply(FutureConvertersImpl.scala:29)
	at scala.concurrent.java8.FuturesConvertersImpl$CF.apply(FutureConvertersImpl.scala:26)
	at scala.concurrent.impl.Promise$Transformation.run(Promise.scala:484)
	at scala.concurrent.ExecutionContext$parasitic$.execute(ExecutionContext.scala:222)
	at scala.concurrent.impl.Promise$Transformation.submitWithValue(Promise.scala:429)
	at scala.concurrent.impl.Promise$DefaultPromise.submitWithValue(Promise.scala:338)
	at scala.concurrent.impl.Promise$DefaultPromise.tryComplete0(Promise.scala:285)
	at scala.concurrent.impl.Promise$Transformation.run(Promise.scala:504)
	at java.base/java.util.concurrent.ThreadPoolExecutor.runWorker(ThreadPoolExecutor.java:1128)
	at java.base/java.util.concurrent.ThreadPoolExecutor$Worker.run(ThreadPoolExecutor.java:628)
	at java.base/java.lang.Thread.run(Thread.java:829)
Caused by: scala.meta.internal.metals.MetalsBspException: BSP connection failed in the attempt to get: CleanCacheResult.  Boxed Exception
	at scala.meta.internal.metals.BuildServerConnection$$anonfun$1.$anonfun$applyOrElse$4(BuildServerConnection.scala:300)
	at scala.Option.getOrElse(Option.scala:201)
	at scala.meta.internal.metals.BuildServerConnection$$anonfun$1.applyOrElse(BuildServerConnection.scala:298)
	at scala.meta.internal.metals.BuildServerConnection$$anonfun$1.applyOrElse(BuildServerConnection.scala:286)
	at scala.concurrent.impl.Promise$Transformation.run(Promise.scala:490)
	... 3 more

May 14, 2022 9:41:24 PM org.eclipse.lsp4j.jsonrpc.RemoteEndpoint fallbackResponseError
SEVERE: Internal error: scala.meta.internal.metals.MetalsBspException: BSP connection failed in the attempt to get: CleanCacheResult.  Boxed Exception
java.util.concurrent.CompletionException: scala.meta.internal.metals.MetalsBspException: BSP connection failed in the attempt to get: CleanCacheResult.  Boxed Exception
	at java.base/java.util.concurrent.CompletableFuture.encodeThrowable(CompletableFuture.java:331)
	at java.base/java.util.concurrent.CompletableFuture.completeThrowable(CompletableFuture.java:346)
	at java.base/java.util.concurrent.CompletableFuture$UniAccept.tryFire(CompletableFuture.java:704)
	at java.base/java.util.concurrent.CompletableFuture.postComplete(CompletableFuture.java:506)
	at java.base/java.util.concurrent.CompletableFuture.completeExceptionally(CompletableFuture.java:2088)
	at scala.concurrent.java8.FuturesConvertersImpl$CF.apply(FutureConvertersImpl.scala:29)
	at scala.concurrent.java8.FuturesConvertersImpl$CF.apply(FutureConvertersImpl.scala:26)
	at scala.concurrent.impl.Promise$Transformation.run(Promise.scala:484)
	at scala.concurrent.ExecutionContext$parasitic$.execute(ExecutionContext.scala:222)
	at scala.concurrent.impl.Promise$Transformation.submitWithValue(Promise.scala:429)
	at scala.concurrent.impl.Promise$DefaultPromise.submitWithValue(Promise.scala:338)
	at scala.concurrent.impl.Promise$DefaultPromise.tryComplete0(Promise.scala:285)
	at scala.concurrent.impl.Promise$Transformation.run(Promise.scala:504)
	at java.base/java.util.concurrent.ThreadPoolExecutor.runWorker(ThreadPoolExecutor.java:1128)
	at java.base/java.util.concurrent.ThreadPoolExecutor$Worker.run(ThreadPoolExecutor.java:628)
	at java.base/java.lang.Thread.run(Thread.java:829)
Caused by: scala.meta.internal.metals.MetalsBspException: BSP connection failed in the attempt to get: CleanCacheResult.  Boxed Exception
	at scala.meta.internal.metals.BuildServerConnection$$anonfun$1.$anonfun$applyOrElse$4(BuildServerConnection.scala:300)
	at scala.Option.getOrElse(Option.scala:201)
	at scala.meta.internal.metals.BuildServerConnection$$anonfun$1.applyOrElse(BuildServerConnection.scala:298)
	at scala.meta.internal.metals.BuildServerConnection$$anonfun$1.applyOrElse(BuildServerConnection.scala:286)
	at scala.concurrent.impl.Promise$Transformation.run(Promise.scala:490)
	... 3 more

May 14, 2022 9:41:24 PM org.eclipse.lsp4j.jsonrpc.RemoteEndpoint fallbackResponseError
SEVERE: Internal error: scala.meta.internal.metals.MetalsBspException: BSP connection failed in the attempt to get: CleanCacheResult.  Boxed Exception
java.util.concurrent.CompletionException: scala.meta.internal.metals.MetalsBspException: BSP connection failed in the attempt to get: CleanCacheResult.  Boxed Exception
	at java.base/java.util.concurrent.CompletableFuture.encodeThrowable(CompletableFuture.java:331)
	at java.base/java.util.concurrent.CompletableFuture.completeThrowable(CompletableFuture.java:346)
	at java.base/java.util.concurrent.CompletableFuture$UniAccept.tryFire(CompletableFuture.java:704)
	at java.base/java.util.concurrent.CompletableFuture.postComplete(CompletableFuture.java:506)
	at java.base/java.util.concurrent.CompletableFuture.completeExceptionally(CompletableFuture.java:2088)
	at scala.concurrent.java8.FuturesConvertersImpl$CF.apply(FutureConvertersImpl.scala:29)
	at scala.concurrent.java8.FuturesConvertersImpl$CF.apply(FutureConvertersImpl.scala:26)
	at scala.concurrent.impl.Promise$Transformation.run(Promise.scala:484)
	at scala.concurrent.ExecutionContext$parasitic$.execute(ExecutionContext.scala:222)
	at scala.concurrent.impl.Promise$Transformation.submitWithValue(Promise.scala:429)
	at scala.concurrent.impl.Promise$DefaultPromise.submitWithValue(Promise.scala:338)
	at scala.concurrent.impl.Promise$DefaultPromise.tryComplete0(Promise.scala:285)
	at scala.concurrent.impl.Promise$Transformation.run(Promise.scala:504)
	at java.base/java.util.concurrent.ThreadPoolExecutor.runWorker(ThreadPoolExecutor.java:1128)
	at java.base/java.util.concurrent.ThreadPoolExecutor$Worker.run(ThreadPoolExecutor.java:628)
	at java.base/java.lang.Thread.run(Thread.java:829)
Caused by: scala.meta.internal.metals.MetalsBspException: BSP connection failed in the attempt to get: CleanCacheResult.  Boxed Exception
	at scala.meta.internal.metals.BuildServerConnection$$anonfun$1.$anonfun$applyOrElse$4(BuildServerConnection.scala:300)
	at scala.Option.getOrElse(Option.scala:201)
	at scala.meta.internal.metals.BuildServerConnection$$anonfun$1.applyOrElse(BuildServerConnection.scala:298)
	at scala.meta.internal.metals.BuildServerConnection$$anonfun$1.applyOrElse(BuildServerConnection.scala:286)
	at scala.concurrent.impl.Promise$Transformation.run(Promise.scala:490)
	... 3 more

May 14, 2022 9:41:24 PM org.eclipse.lsp4j.jsonrpc.json.StreamMessageProducer fireStreamClosed
INFO: The input stream was closed.
java.nio.channels.ClosedByInterruptException
	at java.base/java.nio.channels.spi.AbstractInterruptibleChannel.end(AbstractInterruptibleChannel.java:199)
	at java.base/sun.nio.ch.SourceChannelImpl.endRead(SourceChannelImpl.java:241)
	at java.base/sun.nio.ch.SourceChannelImpl.read(SourceChannelImpl.java:259)
	at java.base/sun.nio.ch.ChannelInputStream.read(ChannelInputStream.java:59)
	at java.base/sun.nio.ch.ChannelInputStream.read(ChannelInputStream.java:107)
	at java.base/sun.nio.ch.ChannelInputStream.read(ChannelInputStream.java:101)
	at java.base/java.io.InputStream.read(InputStream.java:205)
	at java.base/sun.nio.ch.ChannelInputStream.read(ChannelInputStream.java:81)
	at org.eclipse.lsp4j.jsonrpc.json.StreamMessageProducer.listen(StreamMessageProducer.java:79)
	at org.eclipse.lsp4j.jsonrpc.json.ConcurrentMessageProcessor.run(ConcurrentMessageProcessor.java:113)
	at java.base/java.util.concurrent.Executors$RunnableAdapter.call(Executors.java:515)
	at java.base/java.util.concurrent.FutureTask.run(FutureTask.java:264)
	at java.base/java.util.concurrent.ThreadPoolExecutor.runWorker(ThreadPoolExecutor.java:1128)
	at java.base/java.util.concurrent.ThreadPoolExecutor$Worker.run(ThreadPoolExecutor.java:628)
	at java.base/java.lang.Thread.run(Thread.java:829)

May 14, 2022 9:41:24 PM org.eclipse.lsp4j.jsonrpc.json.StreamMessageProducer fireStreamClosed
INFO: The input stream was closed.
java.nio.channels.ClosedByInterruptException
	at java.base/java.nio.channels.spi.AbstractInterruptibleChannel.end(AbstractInterruptibleChannel.java:199)
	at java.base/sun.nio.ch.SourceChannelImpl.endRead(SourceChannelImpl.java:241)
	at java.base/sun.nio.ch.SourceChannelImpl.read(SourceChannelImpl.java:259)
	at java.base/sun.nio.ch.ChannelInputStream.read(ChannelInputStream.java:59)
	at java.base/sun.nio.ch.ChannelInputStream.read(ChannelInputStream.java:107)
	at java.base/sun.nio.ch.ChannelInputStream.read(ChannelInputStream.java:101)
	at java.base/java.io.InputStream.read(InputStream.java:205)
	at java.base/sun.nio.ch.ChannelInputStream.read(ChannelInputStream.java:81)
	at org.eclipse.lsp4j.jsonrpc.json.StreamMessageProducer.listen(StreamMessageProducer.java:79)
	at org.eclipse.lsp4j.jsonrpc.json.ConcurrentMessageProcessor.run(ConcurrentMessageProcessor.java:113)
	at java.base/java.util.concurrent.Executors$RunnableAdapter.call(Executors.java:515)
	at java.base/java.util.concurrent.FutureTask.run(FutureTask.java:264)
	at java.base/java.util.concurrent.ThreadPoolExecutor.runWorker(ThreadPoolExecutor.java:1128)
	at java.base/java.util.concurrent.ThreadPoolExecutor$Worker.run(ThreadPoolExecutor.java:628)
	at java.base/java.lang.Thread.run(Thread.java:829)

May 14, 2022 9:41:24 PM org.eclipse.lsp4j.jsonrpc.RemoteEndpoint notify
INFO: Failed to send notification message.
org.eclipse.lsp4j.jsonrpc.JsonRpcException: java.nio.channels.AsynchronousCloseException
	at org.eclipse.lsp4j.jsonrpc.json.StreamMessageConsumer.consume(StreamMessageConsumer.java:72)
	at org.eclipse.lsp4j.jsonrpc.RemoteEndpoint.notify(RemoteEndpoint.java:126)
	at org.eclipse.lsp4j.jsonrpc.services.EndpointProxy.invoke(EndpointProxy.java:88)
	at com.sun.proxy.$Proxy11.onBuildExit(Unknown Source)
	at scala.meta.internal.metals.BuildServerConnection.$anonfun$shutdown$1(BuildServerConnection.scala:107)
	at scala.meta.internal.metals.BuildServerConnection.$anonfun$shutdown$1$adapted(BuildServerConnection.scala:103)
	at scala.concurrent.impl.Promise$Transformation.run(Promise.scala:467)
	at java.base/java.util.concurrent.ThreadPoolExecutor.runWorker(ThreadPoolExecutor.java:1128)
	at java.base/java.util.concurrent.ThreadPoolExecutor$Worker.run(ThreadPoolExecutor.java:628)
	at java.base/java.lang.Thread.run(Thread.java:829)
Caused by: java.nio.channels.AsynchronousCloseException
	at java.base/java.nio.channels.spi.AbstractInterruptibleChannel.end(AbstractInterruptibleChannel.java:202)
	at java.base/sun.nio.ch.SinkChannelImpl.endWrite(SinkChannelImpl.java:241)
	at java.base/sun.nio.ch.SinkChannelImpl.write(SinkChannelImpl.java:259)
	at java.base/java.nio.channels.Channels.writeFullyImpl(Channels.java:74)
	at java.base/java.nio.channels.Channels.writeFully(Channels.java:94)
	at java.base/java.nio.channels.Channels$1.write(Channels.java:172)
	at java.base/java.io.OutputStream.write(OutputStream.java:122)
	at java.base/java.nio.channels.Channels$1.write(Channels.java:152)
	at scala.meta.internal.metals.ClosableOutputStream.write(ClosableOutputStream.scala:26)
	at java.base/java.io.FilterOutputStream.write(FilterOutputStream.java:137)
	at java.base/java.io.FilterOutputStream.write(FilterOutputStream.java:108)
	at org.eclipse.lsp4j.jsonrpc.json.StreamMessageConsumer.consume(StreamMessageConsumer.java:67)
	... 9 more

2022.05.14 21:41:24 INFO  Shut down connection with build server.[0m
2022.05.14 22:18:30 INFO  tracing is disabled for protocol LSP, to enable tracing of incoming and outgoing JSON messages create an empty file at /home/alex/scala3/scala-gradle/.metals/lsp.trace.json or /home/alex/.cache/metals/lsp.trace.json[0m
2022.05.14 22:18:33 INFO  logging to file /home/alex/scala3/scala-gradle/.metals/metals.log[0m
2022.05.14 22:18:33 INFO  Started: Metals version 0.11.5 in workspace '/home/alex/scala3/scala-gradle' for client Visual Studio Code 1.67.1.[0m
2022.05.14 22:18:44 INFO  time: initialize in 11s[0m
2022.05.14 22:18:46 WARN  Flyway upgrade recommended: H2 2.1.212 is newer than this version of Flyway and support has not been tested. The latest supported version of H2 is 2.1.210.[0m
2022.05.14 22:18:46 INFO  Attempting to connect to the build server...[0m
2022.05.14 22:18:54 INFO  tracing is disabled for protocol BSP, to enable tracing of incoming and outgoing JSON messages create an empty file at /home/alex/scala3/scala-gradle/.metals/bsp.trace.json or /home/alex/.cache/metals/bsp.trace.json[0m
2022.05.14 22:18:54 INFO  time: Connected to build server in 8.76s[0m
2022.05.14 22:18:55 INFO  Connected to Build server: Bloop v1.5.0[0m
2022.05.14 22:18:55 INFO  time: Imported build in 0.19s[0m
2022.05.14 22:18:59 INFO  time: indexed workspace in 3.83s[0m
2022.05.14 22:19:00 INFO  compiling app (1 scala source)[0m
2022.05.14 22:19:08 INFO  compiling app-test (1 scala source)[0m
2022.05.14 22:19:08 INFO  time: compiled app in 8.2s[0m
2022.05.14 22:19:17 INFO  time: compiled app-test in 8.85s[0m
2022.05.14 22:35:44 INFO  running '/home/alex/scala3/scala-gradle/gradlew --console=plain --init-script /tmp/metals2350567925859337241/init-script.gradle bloopInstall'[0m
May 14, 2022 10:35:48 PM org.eclipse.lsp4j.jsonrpc.RemoteEndpoint handleCancellation
WARNING: Unmatched cancel notification for request id 1
2022.05.14 22:35:53 INFO  > Task :configureBloopInstall[0m
2022.05.14 22:35:53 INFO  > Task :bloopInstall[0m
2022.05.14 22:35:53 INFO  > Task :app:configureBloopInstall[0m
2022.05.14 22:35:56 INFO  compiling app-test (1 scala source)[0m
2022.05.14 22:35:58 INFO  > Task :app:bloopInstall[0m
2022.05.14 22:35:58 INFO  [0m
2022.05.14 22:35:58 INFO  Deprecated Gradle features were used in this build, making it incompatible with Gradle 8.0.[0m
2022.05.14 22:35:58 INFO  [0m
2022.05.14 22:35:58 INFO  You can use '--warning-mode all' to show the individual deprecation warnings and determine if they come from your own scripts or plugins.[0m
2022.05.14 22:35:58 INFO  [0m
2022.05.14 22:35:58 INFO  See https://docs.gradle.org/7.4.2/userguide/command_line_interface.html#sec:command_line_warnings[0m
2022.05.14 22:35:58 INFO  [0m
2022.05.14 22:35:58 INFO  BUILD SUCCESSFUL in 13s[0m
2022.05.14 22:35:58 INFO  4 actionable tasks: 4 executed[0m
2022.05.14 22:35:58 INFO  time: ran 'gradle bloopInstall' in 13s[0m
2022.05.14 22:35:58 INFO  Disconnecting from Bloop session...[0m
2022.05.14 22:35:58 INFO  Shut down connection with build server.[0m
2022.05.14 22:35:58 INFO  Attempting to connect to the build server...[0m
2022.05.14 22:35:58 INFO  tracing is disabled for protocol BSP, to enable tracing of incoming and outgoing JSON messages create an empty file at /home/alex/scala3/scala-gradle/.metals/bsp.trace.json or /home/alex/.cache/metals/bsp.trace.json[0m
2022.05.14 22:35:58 INFO  time: Connected to build server in 0.45s[0m
2022.05.14 22:35:58 INFO  Connected to Build server: Bloop v1.5.0[0m
2022.05.14 22:35:58 INFO  time: Imported build in 0.23s[0m
2022.05.14 22:36:17 INFO  time: indexed workspace in 18s[0m
2022.05.14 22:36:17 INFO  compiling app (1 scala source)[0m
2022.05.14 22:36:37 INFO  time: compiled app in 19s[0m
2022.05.14 22:36:37 INFO  compiling app-test (1 scala source)[0m
2022.05.14 22:36:40 INFO  time: compiled app-test in 3.35s[0m
May 14, 2022 10:36:50 PM org.eclipse.lsp4j.jsonrpc.services.GenericEndpoint notify
INFO: Unsupported notification method: $/setTrace
2022.05.14 23:44:51 INFO  shutting down Metals[0m
2022.05.14 23:44:51 INFO  Shut down connection with build server.[0m
2022.05.16 22:24:30 INFO  tracing is disabled for protocol LSP, to enable tracing of incoming and outgoing JSON messages create an empty file at /home/alex/scala3/scala-gradle/.metals/lsp.trace.json or /home/alex/.cache/metals/lsp.trace.json[0m
2022.05.16 22:24:35 INFO  logging to file /home/alex/scala3/scala-gradle/.metals/metals.log[0m
2022.05.16 22:24:35 INFO  Started: Metals version 0.11.5 in workspace '/home/alex/scala3/scala-gradle' for client Visual Studio Code 1.67.1.[0m
2022.05.16 22:24:52 INFO  time: initialize in 17s[0m
2022.05.16 22:24:57 WARN  Flyway upgrade recommended: H2 2.1.212 is newer than this version of Flyway and support has not been tested. The latest supported version of H2 is 2.1.210.[0m
2022.05.16 22:24:58 INFO  Attempting to connect to the build server...[0m
2022.05.16 22:25:11 INFO  tracing is disabled for protocol BSP, to enable tracing of incoming and outgoing JSON messages create an empty file at /home/alex/scala3/scala-gradle/.metals/bsp.trace.json or /home/alex/.cache/metals/bsp.trace.json[0m
2022.05.16 22:25:12 INFO  time: Connected to build server in 14s[0m
2022.05.16 22:25:12 INFO  Connected to Build server: Bloop v1.5.0[0m
2022.05.16 22:25:12 INFO  time: Imported build in 0.4s[0m
2022.05.16 22:25:22 INFO  time: indexed workspace in 9.49s[0m
May 16, 2022 10:26:46 PM org.eclipse.lsp4j.jsonrpc.RemoteEndpoint handleCancellation
WARNING: Unmatched cancel notification for request id 1
2022.05.16 22:26:56 WARN  no build target for: /home/alex/scala3/scala-gradle/app/bin/main/hello/App.scala[0m
2022.05.16 22:26:58 WARN  no build target for: /home/alex/scala3/scala-gradle/app/bin/test/hello/AppSuite.scala[0m
May 16, 2022 10:28:38 PM org.eclipse.lsp4j.jsonrpc.RemoteEndpoint handleCancellation
WARNING: Unmatched cancel notification for request id 14
2022.05.16 22:29:04 INFO  tracing is disabled for protocol dap-server, to enable tracing of incoming and outgoing JSON messages create an empty file at /home/alex/scala3/scala-gradle/.metals/dap-server.trace.json or /home/alex/.cache/metals/dap-server.trace.json[0m
2022.05.16 22:29:04 INFO  tracing is disabled for protocol dap-client, to enable tracing of incoming and outgoing JSON messages create an empty file at /home/alex/scala3/scala-gradle/.metals/dap-client.trace.json or /home/alex/.cache/metals/dap-client.trace.json[0m
2022.05.16 22:29:04 INFO  Starting debug proxy for [hello.AppSuite()][0m
2022.05.16 22:29:11 INFO  Trying to attach to remote debuggee VM localhost:52683 .[0m
2022.05.16 22:29:11 INFO  Attaching to debuggee VM succeeded.[0m
2022.05.16 22:29:11 ERROR Unrecognized request: { _request: send-stopped-event }[0m
2022.05.16 22:29:13 INFO  Canceling debug proxy for [hello.AppSuite()][0m
2022.05.16 22:29:13 INFO  Closing debug server tcp://0.0.0.0:35301[0m
2022.05.16 22:29:16 INFO  Deduplicating compilation of app from bsp client 'Metals 0.11.5' (since 4m 3.812s)[0m
2022.05.16 22:29:16 INFO  tracing is disabled for protocol dap-server, to enable tracing of incoming and outgoing JSON messages create an empty file at /home/alex/scala3/scala-gradle/.metals/dap-server.trace.json or /home/alex/.cache/metals/dap-server.trace.json[0m
2022.05.16 22:29:16 INFO  tracing is disabled for protocol dap-client, to enable tracing of incoming and outgoing JSON messages create an empty file at /home/alex/scala3/scala-gradle/.metals/dap-client.trace.json or /home/alex/.cache/metals/dap-client.trace.json[0m
2022.05.16 22:29:17 INFO  Starting debug proxy for [hello.AppSuite()][0m
2022.05.16 22:29:21 INFO  Trying to attach to remote debuggee VM localhost:37011 .[0m
2022.05.16 22:29:21 INFO  Attaching to debuggee VM succeeded.[0m
2022.05.16 22:29:21 ERROR Unrecognized request: { _request: send-stopped-event }[0m
2022.05.16 22:29:23 INFO  Closing debug server tcp://0.0.0.0:43049[0m
2022.05.16 22:29:23 INFO  Canceling debug proxy for [hello.AppSuite()][0m
